 ----------------
 Begin VMBOX test
 ----------------
 Input Tensor:

  0.1000E+01  0.0000E+00  0.0000E+00
  0.0000E+00  0.0000E+00  0.0000E+00
  0.0000E+00  0.0000E+00  0.0000E+00

 Seq:
  0.1000E+01

 1st D (N in AFR):

  0.1000E+01  0.0000E+00  0.0000E+00
  0.0000E+00 -0.5000E+00  0.0000E+00
  0.0000E+00  0.0000E+00 -0.5000E+00

 N:N:

  0.1500E+01

 ----------------
 End VMBOX test  
 ----------------
 ----------------
 Begin VMBOX test
 ----------------
 Input Tensor:

  0.1000E+01  0.0000E+00  0.0000E+00
  0.0000E+00  0.5000E+00  0.0000E+00
  0.0000E+00  0.0000E+00  0.0000E+00

 Seq:
  0.8660E+00

 1st D (N in AFR):

  0.8660E+00  0.0000E+00  0.0000E+00
  0.0000E+00  0.0000E+00  0.0000E+00
  0.0000E+00  0.0000E+00 -0.8660E+00

 N:N:

  0.1500E+01

 ----------------
 End VMBOX test  
 ----------------
 ----------------
 Begin VMBOX test
 ----------------
 Input Tensor:

  0.1000E+01  0.0000E+00  0.0000E+00
  0.0000E+00  0.1000E+01  0.0000E+00
  0.0000E+00  0.0000E+00  0.0000E+00

 Seq:
  0.1000E+01

 1st D (N in AFR):

  0.5000E+00  0.0000E+00  0.0000E+00
  0.0000E+00  0.5000E+00  0.0000E+00
  0.0000E+00  0.0000E+00 -0.1000E+01

 N:N:

  0.1500E+01

 ----------------
 End VMBOX test  
 ----------------
 ----------------
 Begin VMBOX test
 ----------------
 Input Tensor:

  0.1000E+01  0.0000E+00  0.0000E+00
  0.0000E+00 -0.1000E+01  0.0000E+00
  0.0000E+00  0.0000E+00  0.0000E+00

 Seq:
  0.1732E+01

 1st D (N in AFR):

  0.8660E+00  0.0000E+00  0.0000E+00
  0.0000E+00 -0.8660E+00  0.0000E+00
  0.0000E+00  0.0000E+00  0.0000E+00

 N:N:

  0.1500E+01

 ----------------
 End VMBOX test  
 ----------------
 ----------------
 Begin VMBOX test
 ----------------
 Input Tensor:

  0.0000E+00  0.1000E+01  0.0000E+00
  0.1000E+01  0.0000E+00  0.0000E+00
  0.0000E+00  0.0000E+00  0.0000E+00

 Seq:
  0.1732E+01

 1st D (N in AFR):

  0.0000E+00  0.8660E+00  0.0000E+00
  0.8660E+00  0.0000E+00  0.0000E+00
  0.0000E+00  0.0000E+00  0.0000E+00

 N:N:

  0.1500E+01

 ----------------
 End VMBOX test  
 ----------------
 ----------------
 Begin VMBOX test
 ----------------
 Input Tensor:

  0.1000E+01  0.1000E+00 -0.2000E+00
  0.1000E+00  0.5000E+00  0.3000E+00
 -0.2000E+00  0.3000E+00  0.2500E+00

 Seq:
  0.9260E+00

 1st D (N in AFR):

  0.6749E+00  0.1620E+00 -0.3240E+00
  0.1620E+00 -0.1350E+00  0.4860E+00
 -0.3240E+00  0.4860E+00 -0.5399E+00

 N:N:

  0.1500E+01

 ----------------
 End VMBOX test  
 ----------------
