 ----------------
 Begin CH test
 ----------------
 Input Tensor:

  0.0000E+00  0.0000E+00  0.0000E+00
  0.0000E+00  0.0000E+00  0.0000E+00
  0.0000E+00  0.0000E+00  0.0000E+00

 Principal Values:

  0.0000E+00  0.0000E+00  0.0000E+00
  0.0000E+00  0.0000E+00  0.0000E+00
  0.0000E+00  0.0000E+00  0.0000E+00

 ----------------
 End CH test
 ----------------
 ----------------
 Begin CH test
 ----------------
 Input Tensor:

  0.1000E+01  0.0000E+00  0.0000E+00
  0.0000E+00  0.1000E+01  0.0000E+00
  0.0000E+00  0.0000E+00  0.1000E+01

 Principal Values:

  0.1000E+01  0.0000E+00  0.0000E+00
  0.0000E+00  0.1000E+01  0.0000E+00
  0.0000E+00  0.0000E+00  0.1000E+01

 ----------------
 End CH test
 ----------------
 ----------------
 Begin CH test
 ----------------
 Input Tensor:

  0.1000E+01  0.0000E+00  0.0000E+00
  0.0000E+00  0.1000E+01  0.0000E+00
  0.0000E+00  0.0000E+00  0.0000E+00

 Principal Values:

  0.1000E+01  0.0000E+00  0.0000E+00
  0.0000E+00  0.1000E+01  0.0000E+00
  0.0000E+00  0.0000E+00 -0.1987E-07

 ----------------
 End CH test
 ----------------
 ----------------
 Begin CH test
 ----------------
 Input Tensor:

  0.1000E+01  0.0000E+00  0.0000E+00
  0.0000E+00  0.0000E+00  0.0000E+00
  0.0000E+00  0.0000E+00  0.0000E+00

 Principal Values:

  0.1000E+01  0.0000E+00  0.0000E+00
  0.0000E+00  0.5736E-07  0.0000E+00
  0.0000E+00  0.0000E+00 -0.4358E-07

 ----------------
 End CH test
 ----------------
 ----------------
 Begin CH test
 ----------------
 Input Tensor:

  0.1000E+01  0.0000E+00  0.0000E+00
  0.0000E+00  0.1000E+01  0.0000E+00
  0.0000E+00  0.0000E+00  0.1000E-07

 Principal Values:

  0.1000E+01  0.0000E+00  0.0000E+00
  0.0000E+00  0.1000E+01  0.0000E+00
  0.0000E+00  0.0000E+00 -0.1653E-07

 ----------------
 End CH test
 ----------------
 ----------------
 Begin CH test
 ----------------
 Input Tensor:

  0.1000E-07  0.0000E+00  0.0000E+00
  0.0000E+00  0.1000E-07  0.0000E+00
  0.0000E+00  0.0000E+00  0.1000E-07

 Principal Values:

  0.1000E-07  0.0000E+00  0.0000E+00
  0.0000E+00  0.1000E-07  0.0000E+00
  0.0000E+00  0.0000E+00  0.1000E-07

 ----------------
 End CH test
 ----------------
 ----------------
 Begin CH test
 ----------------
 Input Tensor:

  0.3000E+03 -0.2000E+02  0.2500E+02
 -0.2000E+02  0.1000E+03 -0.1250E+03
  0.2500E+02 -0.1250E+03  0.5000E+02

 Principal Values:

  0.3093E+03  0.0000E+00  0.0000E+00
  0.0000E+00  0.1933E+03  0.0000E+00
  0.0000E+00  0.0000E+00 -0.5260E+02

 ----------------
 End CH test
 ----------------
